Title: * Schmitt Trigger circuit no. 2
datum = 6          lastnode = 6

器件值:
q1: IS = 1e-16 BF = 100 BR = 1 TE = 6.95302e-310 N = 0
q2: IS = 1e-16 BF = 100 BR = 1 TE = 6.95302e-310 N = 0
rc1 = 1500
rc2 = 1000
r1 = 10000
re = 100
r2 = 5000
r3 = 1250
r4 = 1e+06
vcc = 10

节点信息:
节点1        所连器件数为:3
    类型:BJT    连接端口:2    名称:q1    编号:1    value:0
    类型:BJT    连接端口:2    名称:q2    编号:2    value:0
    类型:Resistor    连接端口:0    名称:re    编号:4    value:100
节点2        所连器件数为:3
    类型:BJT    连接端口:0    名称:q1    编号:1    value:0
    类型:Resistor    连接端口:1    名称:rc1    编号:1    value:1500
    类型:Resistor    连接端口:0    名称:r1    编号:3    value:10000
节点3        所连器件数为:2
    类型:BJT    连接端口:0    名称:q2    编号:2    value:0
    类型:Resistor    连接端口:1    名称:rc2    编号:2    value:1000
节点4        所连器件数为:3
    类型:BJT    连接端口:1    名称:q2    编号:2    value:0
    类型:Resistor    连接端口:1    名称:r1    编号:3    value:10000
    类型:Resistor    连接端口:0    名称:r4    编号:7    value:1e+06
节点5        所连器件数为:3
    类型:BJT    连接端口:1    名称:q1    编号:1    value:0
    类型:Resistor    连接端口:0    名称:r2    编号:5    value:5000
    类型:Resistor    连接端口:0    名称:r3    编号:6    value:1250
节点6        所连器件数为:4
    类型:Resistor    连接端口:0    名称:rc1    编号:1    value:1500
    类型:Resistor    连接端口:0    名称:rc2    编号:2    value:1000
    类型:Resistor    连接端口:1    名称:r2    编号:5    value:5000
    类型:VSource    连接端口:0    名称:vcc    编号:1    value:10

BJT Ic and Ie:
Ie1 = - Is/af * (e^(-n*(x1-x5)) - 1) + Is * (e^(-n*(x2-x5)) - 1)
Ic1 = - Is/af * (e^(-n*(x1-x5)) - 1) + Is * (e^(-n*(x2-x5)) - 1)
Ie2 = - Is/af * (e^(-n*(x1-x4)) - 1) + Is * (e^(-n*(x3-x4)) - 1)
Ic2 = - Is/af * (e^(-n*(x1-x4)) - 1) + Is * (e^(-n*(x3-x4)) - 1)

Functions:
F(1) = Ie1 + Ie2 + x1/re
F(2) = Ic1 + (x2 - x6)/rc1 + (x2 - x4)/r1
F(3) = Ic2 + (x3 - x6)/rc2
F(4) = - Ic2 - Ie2 + (x4 - x2)/r1 + x4/r4
F(5) = - Ic1 - Ie1 + (x5 - x6)/r2 + x5/r3
F(6) = x6 - vcc
F(7) = x7  + (x6 - x2)/rc1 + (x6 - x3)/rc2 + (x6 - x5)/r2

Jacobian:
JAC(1, 1) = n * Is/af * e^(-n*(x1-x5)) + n * Is/af * e^(-n*(x1-x4)) + 1/reOK
JAC(1, 2) = (-n) * Is * e^(-n*(x2-x5))OK
JAC(1, 3) = (-n) * Is * e^(-n*(x3-x4))OK
JAC(1, 4) = ((-n) * Is/af * e^(-n*(x1-x4)) + n * Is * e^(-n*(x3-x4)))OK
JAC(1, 5) = ((-n) * Is/af * e^(-n*(x1-x5)) + n * Is * e^(-n*(x2-x5)))OK
JAC(1, 6) = 0
JAC(1, 7) = 0
JAC(2, 1) = (-n) * Is * e^(-n*(x1-x5))OK
JAC(2, 2) = n * Is/ar * e^(-n*(x2-x5)) + 1/rc1 + 1/r1OK
JAC(2, 3) = 0
JAC(2, 4) = - 1/r1OK
JAC(2, 5) = ((-n) * Is/ar * e^(-n*(x2-x5)) + n * Is * e^(-n*(x1-x5)))OK
JAC(2, 6) = - 1/rc1OK
JAC(2, 7) = 0
JAC(3, 1) = (-n) * Is * e^(-n*(x1-x4))OK
JAC(3, 2) = 0
JAC(3, 3) = n * Is/ar * e^(-n*(x3-x4)) + 1/rc2OK
JAC(3, 4) = ((-n) * Is/ar * e^(-n*(x3-x4)) + n * Is * e^(-n*(x1-x4)))OK
JAC(3, 5) = 0
JAC(3, 6) = - 1/rc2OK
JAC(3, 7) = 0
JAC(4, 1) = - (-n) * Is * e^(-n*(x1-x4)) - n * Is/af * e^(-n*(x1-x4))OK
JAC(4, 2) = - 1/r1OK
JAC(4, 3) = - n * Is/ar * e^(-n*(x3-x4)) - (-n) * Is * e^(-n*(x3-x4))OK
JAC(4, 4) = - ((-n) * Is/ar * e^(-n*(x3-x4)) + n * Is * e^(-n*(x1-x4))) - ((-n) * Is/af * e^(-n*(x1-x4)) + n * Is * e^(-n*(x3-x4))) + 1/r1 + 1/r4OK
JAC(4, 5) = 0
JAC(4, 6) = 0
JAC(4, 7) = 0
JAC(5, 1) = - (-n) * Is * e^(-n*(x1-x5)) - n * Is/af * e^(-n*(x1-x5))OK
JAC(5, 2) = - n * Is/ar * e^(-n*(x2-x5)) - (-n) * Is * e^(-n*(x2-x5))OK
JAC(5, 3) = 0
JAC(5, 4) = 0
JAC(5, 5) = - ((-n) * Is/ar * e^(-n*(x2-x5)) + n * Is * e^(-n*(x1-x5))) - ((-n) * Is/af * e^(-n*(x1-x5)) + n * Is * e^(-n*(x2-x5))) + 1/r2 + 1/r3OK
JAC(5, 6) = - 1/r2OK
JAC(5, 7) = 0
JAC(6, 1) = 0
JAC(6, 2) = 0
JAC(6, 3) = 0
JAC(6, 4) = 0
JAC(6, 5) = 0
JAC(6, 6) = 1OK
JAC(6, 7) = 0
JAC(7, 1) = 0
JAC(7, 2) = - 1/rc1OK
JAC(7, 3) = - 1/rc2OK
JAC(7, 4) = 0
JAC(7, 5) = - 1/r2OK
JAC(7, 6) = 1/rc1 + 1/rc2 + 1/r2OK
JAC(7, 7) = 1 OK
