Init models components and nodes finished, use time = 0.054ms
Title: * Schmitt Trigger circuit no. 1
datum = 1          lastnode = 6

器件值:
q1: IS = 1e-16 BF = 99 BR = 1 TE = 299.232 N = 38.781
q2: IS = 1e-16 BF = 99 BR = 1 TE = 299.232 N = 38.781
rc1 = 2000
rc2 = 1000
r3 = 10000
re = 100
vcc = 10
vin = 1.5

节点信息:
节点1        所连器件数为:3
    类型:BJT    连接端口:0    名称:q1    编号:1    value:0
    类型:Resistor    连接端口:1    名称:rc1    编号:1    value:2000
    类型:Resistor    连接端口:0    名称:r3    编号:3    value:10000
节点2        所连器件数为:3
    类型:BJT    连接端口:2    名称:q1    编号:1    value:0
    类型:BJT    连接端口:2    名称:q2    编号:2    value:0
    类型:Resistor    连接端口:0    名称:re    编号:4    value:100
节点3        所连器件数为:2
    类型:BJT    连接端口:0    名称:q2    编号:2    value:0
    类型:Resistor    连接端口:1    名称:rc2    编号:2    value:1000
节点4        所连器件数为:2
    类型:BJT    连接端口:1    名称:q2    编号:2    value:0
    类型:Resistor    连接端口:1    名称:r3    编号:3    value:10000
节点5        所连器件数为:2
    类型:BJT    连接端口:1    名称:q1    编号:1    value:0
    类型:VSource    连接端口:0    名称:vin    编号:2    value:1.5
节点6        所连器件数为:3
    类型:Resistor    连接端口:0    名称:rc1    编号:1    value:2000
    类型:Resistor    连接端口:0    名称:rc2    编号:2    value:1000
    类型:VSource    连接端口:0    名称:vcc    编号:1    value:10

BJT Ic and Ie:
Ie1 = - Is/af * (e^(-n*(x2-x5)) - 1) + Is * (e^(-n*(x1-x5)) - 1)
Ic1 = - Is/af * (e^(-n*(x2-x5)) - 1) + Is * (e^(-n*(x1-x5)) - 1)
Ie2 = - Is/af * (e^(-n*(x2-x4)) - 1) + Is * (e^(-n*(x3-x4)) - 1)
Ic2 = - Is/af * (e^(-n*(x2-x4)) - 1) + Is * (e^(-n*(x3-x4)) - 1)

Functions:
F(1) = Ic1 + (x1 - x6)/rc1 + (x1 - x4)/r3
F(2) = Ie1 + Ie2 + x2/re
F(3) = Ic2 + (x3 - x6)/rc2
F(4) = - Ic2 - Ie2 + (x4 - x1)/r3
F(5) = x5 - vin
F(6) = x6 - vcc
F(7) = x7  + (x6 - x1)/rc1 + (x6 - x3)/rc2
F(8) = x8 - Ic1 - Ie1

Jacobian:
JAC(1, 1) = n * Is/ar * e^(-n*(x1-x5)) + 1/rc1 + 1/r3
JAC(1, 2) = (-n) * Is * e^(-n*(x2-x5))
JAC(1, 3) = 0
JAC(1, 4) = - 1/r3
JAC(1, 5) = ((-n) * Is/ar * e^(-n*(x1-x5)) + n * Is * e^(-n*(x2-x5)))
JAC(1, 6) = - 1/rc1
JAC(1, 7) = 0
JAC(1, 8) = 0
JAC(2, 1) = (-n) * Is * e^(-n*(x1-x5))
JAC(2, 2) = n * Is/af * e^(-n*(x2-x5)) + n * Is/af * e^(-n*(x2-x4)) + 1/re
JAC(2, 3) = (-n) * Is * e^(-n*(x3-x4))
JAC(2, 4) = ((-n) * Is/af * e^(-n*(x2-x4)) + n * Is * e^(-n*(x3-x4)))
JAC(2, 5) = ((-n) * Is/af * e^(-n*(x2-x5)) + n * Is * e^(-n*(x1-x5)))
JAC(2, 6) = 0
JAC(2, 7) = 0
JAC(2, 8) = 0
JAC(3, 1) = 0
JAC(3, 2) = (-n) * Is * e^(-n*(x2-x4))
JAC(3, 3) = n * Is/ar * e^(-n*(x3-x4)) + 1/rc2
JAC(3, 4) = ((-n) * Is/ar * e^(-n*(x3-x4)) + n * Is * e^(-n*(x2-x4)))
JAC(3, 5) = 0
JAC(3, 6) = - 1/rc2
JAC(3, 7) = 0
JAC(3, 8) = 0
JAC(4, 1) = - 1/r3
JAC(4, 2) = - (-n) * Is * e^(-n*(x2-x4)) - n * Is/af * e^(-n*(x2-x4))
JAC(4, 3) = - n * Is/ar * e^(-n*(x3-x4)) - (-n) * Is * e^(-n*(x3-x4))
JAC(4, 4) = - ((-n) * Is/ar * e^(-n*(x3-x4)) + n * Is * e^(-n*(x2-x4))) - ((-n) * Is/af * e^(-n*(x2-x4)) + n * Is * e^(-n*(x3-x4))) + 1/r3
JAC(4, 5) = 0
JAC(4, 6) = 0
JAC(4, 7) = 0
JAC(4, 8) = 0
JAC(5, 1) = 0
JAC(5, 2) = 0
JAC(5, 3) = 0
JAC(5, 4) = 0
JAC(5, 5) = 1
JAC(5, 6) = 0
JAC(5, 7) = 0
JAC(5, 8) = 0
JAC(6, 1) = 0
JAC(6, 2) = 0
JAC(6, 3) = 0
JAC(6, 4) = 0
JAC(6, 5) = 0
JAC(6, 6) = 1
JAC(6, 7) = 0
JAC(6, 8) = 0
JAC(7, 1) = - 1/rc1
JAC(7, 2) = 0
JAC(7, 3) = - 1/rc2
JAC(7, 4) = 0
JAC(7, 5) = 0
JAC(7, 6) = 1/rc1 + 1/rc2
JAC(7, 7) = 1 
JAC(7, 8) = 0
JAC(8, 1) = - n * Is/ar * e^(-n*(x1-x5)) - (-n) * Is * e^(-n*(x1-x5))
JAC(8, 2) = - (-n) * Is * e^(-n*(x2-x5)) - n * Is/af * e^(-n*(x2-x5))
JAC(8, 3) = 0
JAC(8, 4) = 0
JAC(8, 5) = - ((-n) * Is/ar * e^(-n*(x1-x5)) + n * Is * e^(-n*(x2-x5))) - ((-n) * Is/af * e^(-n*(x2-x5)) + n * Is * e^(-n*(x1-x5)))
JAC(8, 6) = 0
JAC(8, 7) = 0
JAC(8, 8) = 1 
output models components and nodes finished, use time = 0.195ms

solve start
solve end, use time = 0.05ms
iters: 2    tol: 0.00032038
Xs:
    0.7071     0.6691         10     0.7071        1.5         10  -0.004646  -0.002044 
    0.7102     0.6723         10     0.7102        1.5         10  -0.004645  -0.002079 
    0.7103     0.6726         10     0.7103        1.5         10  -0.004645  -0.002081 
