Title: * Chua Circuit
datum = 1          lastnode = 14

器件值:
VCC1 = 12
VCC2 = 12
V1 = 10
V2 = 2
R1 = 10000
R2 = 4000
R3 = 4000
R4 = 5000
R5 = 30000
R6 = 500
R7 = 500
R8 = 30000
R9 = 10100
R10 = 10100
R11 = 4000
R12 = 4000
R13 = 30000
R14 = 30000
Q1: IS = 1e-09 BF = 100 BR = 1 TE = 6.95281e-310 N = 0
Q2: IS = 1e-09 BF = 100 BR = 1 TE = 6.95281e-310 N = 0
Q3: IS = 1e-09 BF = 100 BR = 1 TE = 6.95281e-310 N = 0
Q4: IS = 1e-09 BF = 100 BR = 1 TE = 6.95281e-310 N = 0

节点信息:
节点1        所连器件数为:4
    类型:VSource    连接端口:0    名称:V1    编号:3    value:10
    类型:Resistor    连接端口:0    名称:R4    编号:4    value:5000
    类型:BJT    连接端口:1    名称:Q1    编号:1    value:0
    类型:BJT    连接端口:1    名称:Q3    编号:3    value:0
节点2        所连器件数为:2
    类型:VSource    连接端口:1    名称:V1    编号:3    value:10
    类型:Resistor    连接端口:0    名称:R1    编号:1    value:10000
节点3        所连器件数为:3
    类型:VSource    连接端口:1    名称:V2    编号:4    value:2
    类型:Resistor    连接端口:1    名称:R1    编号:1    value:10000
    类型:Resistor    连接端口:1    名称:R13    编号:13    value:30000
节点4        所连器件数为:3
    类型:Resistor    连接端口:0    名称:R2    编号:2    value:4000
    类型:Resistor    连接端口:0    名称:R5    编号:5    value:30000
    类型:BJT    连接端口:0    名称:Q1    编号:1    value:0
节点5        所连器件数为:3
    类型:Resistor    连接端口:0    名称:R3    编号:3    value:4000
    类型:Resistor    连接端口:0    名称:R8    编号:8    value:30000
    类型:BJT    连接端口:0    名称:Q3    编号:3    value:0
节点6        所连器件数为:3
    类型:Resistor    连接端口:1    名称:R5    编号:5    value:30000
    类型:Resistor    连接端口:0    名称:R9    编号:9    value:10100
    类型:BJT    连接端口:1    名称:Q2    编号:2    value:0
节点7        所连器件数为:3
    类型:Resistor    连接端口:1    名称:R8    编号:8    value:30000
    类型:Resistor    连接端口:0    名称:R10    编号:10    value:10100
    类型:BJT    连接端口:1    名称:Q4    编号:4    value:0
节点8        所连器件数为:3
    类型:Resistor    连接端口:0    名称:R6    编号:6    value:500
    类型:BJT    连接端口:2    名称:Q1    编号:1    value:0
    类型:BJT    连接端口:2    名称:Q2    编号:2    value:0
节点9        所连器件数为:3
    类型:Resistor    连接端口:0    名称:R7    编号:7    value:500
    类型:BJT    连接端口:2    名称:Q3    编号:3    value:0
    类型:BJT    连接端口:2    名称:Q4    编号:4    value:0
节点10        所连器件数为:3
    类型:Resistor    连接端口:1    名称:R11    编号:11    value:4000
    类型:Resistor    连接端口:0    名称:R13    编号:13    value:30000
    类型:BJT    连接端口:0    名称:Q2    编号:2    value:0
节点11        所连器件数为:2
    类型:VSource    连接端口:0    名称:V2    编号:4    value:2
    类型:Resistor    连接端口:1    名称:R14    编号:14    value:30000
节点12        所连器件数为:3
    类型:Resistor    连接端口:1    名称:R12    编号:12    value:4000
    类型:Resistor    连接端口:0    名称:R14    编号:14    value:30000
    类型:BJT    连接端口:0    名称:Q4    编号:4    value:0
节点13        所连器件数为:3
    类型:VSource    连接端口:0    名称:VCC1    编号:1    value:12
    类型:Resistor    连接端口:1    名称:R2    编号:2    value:4000
    类型:Resistor    连接端口:0    名称:R11    编号:11    value:4000
节点14        所连器件数为:3
    类型:VSource    连接端口:0    名称:VCC2    编号:2    value:12
    类型:Resistor    连接端口:1    名称:R3    编号:3    value:4000
    类型:Resistor    连接端口:0    名称:R12    编号:12    value:4000

BJT Ic and Ie:
Ie1 = - Is/af * (e^(-n*(x8-x1)) - 1) + Is * (e^(-n*(x4-x1)) - 1)
Ic1 = - Is/af * (e^(-n*(x8-x1)) - 1) + Is * (e^(-n*(x4-x1)) - 1)
Ie2 = - Is/af * (e^(-n*(x8-x6)) - 1) + Is * (e^(-n*(x10-x6)) - 1)
Ic2 = - Is/af * (e^(-n*(x8-x6)) - 1) + Is * (e^(-n*(x10-x6)) - 1)
Ie3 = - Is/af * (e^(-n*(x9-x1)) - 1) + Is * (e^(-n*(x5-x1)) - 1)
Ic3 = - Is/af * (e^(-n*(x9-x1)) - 1) + Is * (e^(-n*(x5-x1)) - 1)
Ie4 = - Is/af * (e^(-n*(x9-x7)) - 1) + Is * (e^(-n*(x12-x7)) - 1)
Ic4 = - Is/af * (e^(-n*(x9-x7)) - 1) + Is * (e^(-n*(x12-x7)) - 1)

Functions:
F(1) = x1 - x2 - V1
F(2) = - x17 + (x2 - x3)/R1
F(3) = - x18 + (x3 - x2)/R1 + (x3 - x10)/R13
F(4) = (x4 - x13)/R2 + (x4 - x6)/R5 + Ic1
F(5) = (x5 - x14)/R3 + (x5 - x7)/R8 + Ic3
F(6) = (x6 - x4)/R5 + x6/R9- Ic2 - Ie2
F(7) = (x7 - x5)/R8 + x7/R10- Ic4 - Ie4
F(8) = x8/R6 + Ie1 + Ie2
F(9) = x9/R7 + Ie3 + Ie4
F(10) = (x10 - x13)/R11 + (x10 - x3)/R13 + Ic2
F(11) = x11 - x3 - V2
F(12) = (x12 - x14)/R12 + (x12 - x11)/R14 + Ic4
F(13) = x13 - VCC1
F(14) = x14 - VCC2
F(15) = x15  + (x13 - x4)/R2 + (x13 - x10)/R11
F(16) = x16  + (x14 - x5)/R3 + (x14 - x12)/R12
F(17) = x17  + x1/R4- Ic1 - Ie1- Ic3 - Ie3
F(18) = x18  + (x11 - x12)/R14

Jacobian:
JAC(1, 1) = 1OK
JAC(1, 2) = - 1OK
JAC(1, 3) = 0
JAC(1, 4) = 0
JAC(1, 5) = 0
JAC(1, 6) = 0
JAC(1, 7) = 0
JAC(1, 8) = 0
JAC(1, 9) = 0
JAC(1, 10) = 0
JAC(1, 11) = 0
JAC(1, 12) = 0
JAC(1, 13) = 0
JAC(1, 14) = 0
JAC(1, 15) = 0
JAC(1, 16) = 0
JAC(1, 17) = 0
JAC(1, 18) = 0
JAC(2, 1) = 0
JAC(2, 2) = 1/R1OK
JAC(2, 3) = - 1/R1OK
JAC(2, 4) = 0
JAC(2, 5) = 0
JAC(2, 6) = 0
JAC(2, 7) = 0
JAC(2, 8) = 0
JAC(2, 9) = 0
JAC(2, 10) = 0
JAC(2, 11) = 0
JAC(2, 12) = 0
JAC(2, 13) = 0
JAC(2, 14) = 0
JAC(2, 15) = 0
JAC(2, 16) = 0
JAC(2, 17) = - 1OK
JAC(2, 18) = 0
JAC(3, 1) = 0
JAC(3, 2) = - 1/R1OK
JAC(3, 3) = 1/R1 + 1/R13OK
JAC(3, 4) = 0
JAC(3, 5) = 0
JAC(3, 6) = 0
JAC(3, 7) = 0
JAC(3, 8) = 0
JAC(3, 9) = 0
JAC(3, 10) = - 1/R13OK
JAC(3, 11) = 0
JAC(3, 12) = 0
JAC(3, 13) = 0
JAC(3, 14) = 0
JAC(3, 15) = 0
JAC(3, 16) = 0
JAC(3, 17) = 0
JAC(3, 18) = - 1OK
JAC(4, 1) = ((-n) * Is/ar * e^(-n*(x4-x1)) + n * Is * e^(-n*(x8-x1)))OK
JAC(4, 2) = 0
JAC(4, 3) = 0
JAC(4, 4) = 1/R2 + 1/R5 + n * Is/ar * e^(-n*(x4-x1))OK
JAC(4, 5) = 0
JAC(4, 6) = - 1/R5OK
JAC(4, 7) = 0
JAC(4, 8) = (-n) * Is * e^(-n*(x8-x1))OK
JAC(4, 9) = 0
JAC(4, 10) = 0
JAC(4, 11) = 0
JAC(4, 12) = 0
JAC(4, 13) = - 1/R2OK
JAC(4, 14) = 0
JAC(4, 15) = 0
JAC(4, 16) = 0
JAC(4, 17) = 0
JAC(4, 18) = 0
JAC(5, 1) = ((-n) * Is/ar * e^(-n*(x5-x1)) + n * Is * e^(-n*(x9-x1)))OK
JAC(5, 2) = 0
JAC(5, 3) = 0
JAC(5, 4) = 0
JAC(5, 5) = 1/R3 + 1/R8 + n * Is/ar * e^(-n*(x5-x1))OK
JAC(5, 6) = 0
JAC(5, 7) = - 1/R8OK
JAC(5, 8) = 0
JAC(5, 9) = (-n) * Is * e^(-n*(x9-x1))OK
JAC(5, 10) = 0
JAC(5, 11) = 0
JAC(5, 12) = 0
JAC(5, 13) = 0
JAC(5, 14) = - 1/R3OK
JAC(5, 15) = 0
JAC(5, 16) = 0
JAC(5, 17) = 0
JAC(5, 18) = 0
JAC(6, 1) = 0
JAC(6, 2) = 0
JAC(6, 3) = 0
JAC(6, 4) = - 1/R5OK
JAC(6, 5) = 0
JAC(6, 6) = 1/R5 + 1/R9 - ((-n) * Is/ar * e^(-n*(x10-x6)) + n * Is * e^(-n*(x8-x6))) - ((-n) * Is/af * e^(-n*(x8-x6)) + n * Is * e^(-n*(x10-x6)))OK
JAC(6, 7) = 0
JAC(6, 8) = - (-n) * Is * e^(-n*(x8-x6)) - n * Is/af * e^(-n*(x8-x6))OK
JAC(6, 9) = 0
JAC(6, 10) = - n * Is/ar * e^(-n*(x10-x6)) - (-n) * Is * e^(-n*(x10-x6))OK
JAC(6, 11) = 0
JAC(6, 12) = 0
JAC(6, 13) = 0
JAC(6, 14) = 0
JAC(6, 15) = 0
JAC(6, 16) = 0
JAC(6, 17) = 0
JAC(6, 18) = 0
JAC(7, 1) = 0
JAC(7, 2) = 0
JAC(7, 3) = 0
JAC(7, 4) = 0
JAC(7, 5) = - 1/R8OK
JAC(7, 6) = 0
JAC(7, 7) = 1/R8 + 1/R10 - ((-n) * Is/ar * e^(-n*(x12-x7)) + n * Is * e^(-n*(x9-x7))) - ((-n) * Is/af * e^(-n*(x9-x7)) + n * Is * e^(-n*(x12-x7)))OK
JAC(7, 8) = 0
JAC(7, 9) = - (-n) * Is * e^(-n*(x9-x7)) - n * Is/af * e^(-n*(x9-x7))OK
JAC(7, 10) = 0
JAC(7, 11) = 0
JAC(7, 12) = - n * Is/ar * e^(-n*(x12-x7)) - (-n) * Is * e^(-n*(x12-x7))OK
JAC(7, 13) = 0
JAC(7, 14) = 0
JAC(7, 15) = 0
JAC(7, 16) = 0
JAC(7, 17) = 0
JAC(7, 18) = 0
JAC(8, 1) = ((-n) * Is/af * e^(-n*(x8-x1)) + n * Is * e^(-n*(x4-x1)))OK
JAC(8, 2) = 0
JAC(8, 3) = 0
JAC(8, 4) = (-n) * Is * e^(-n*(x4-x1))OK
JAC(8, 5) = 0
JAC(8, 6) = ((-n) * Is/af * e^(-n*(x8-x6)) + n * Is * e^(-n*(x10-x6)))OK
JAC(8, 7) = 0
JAC(8, 8) = 1/R6 + n * Is/af * e^(-n*(x8-x1)) + n * Is/af * e^(-n*(x8-x6))OK
JAC(8, 9) = 0
JAC(8, 10) = (-n) * Is * e^(-n*(x10-x6))OK
JAC(8, 11) = 0
JAC(8, 12) = 0
JAC(8, 13) = 0
JAC(8, 14) = 0
JAC(8, 15) = 0
JAC(8, 16) = 0
JAC(8, 17) = 0
JAC(8, 18) = 0
JAC(9, 1) = ((-n) * Is/af * e^(-n*(x9-x1)) + n * Is * e^(-n*(x5-x1)))OK
JAC(9, 2) = 0
JAC(9, 3) = 0
JAC(9, 4) = 0
JAC(9, 5) = (-n) * Is * e^(-n*(x5-x1))OK
JAC(9, 6) = 0
JAC(9, 7) = ((-n) * Is/af * e^(-n*(x9-x7)) + n * Is * e^(-n*(x12-x7)))OK
JAC(9, 8) = 0
JAC(9, 9) = 1/R7 + n * Is/af * e^(-n*(x9-x1)) + n * Is/af * e^(-n*(x9-x7))OK
JAC(9, 10) = 0
JAC(9, 11) = 0
JAC(9, 12) = (-n) * Is * e^(-n*(x12-x7))OK
JAC(9, 13) = 0
JAC(9, 14) = 0
JAC(9, 15) = 0
JAC(9, 16) = 0
JAC(9, 17) = 0
JAC(9, 18) = 0
JAC(10, 1) = 0
JAC(10, 2) = 0
JAC(10, 3) = - 1/R13OK
JAC(10, 4) = 0
JAC(10, 5) = 0
JAC(10, 6) = ((-n) * Is/ar * e^(-n*(x10-x6)) + n * Is * e^(-n*(x8-x6)))OK
JAC(10, 7) = 0
JAC(10, 8) = (-n) * Is * e^(-n*(x8-x6))OK
JAC(10, 9) = 0
JAC(10, 10) = 1/R11 + 1/R13 + n * Is/ar * e^(-n*(x10-x6))OK
JAC(10, 11) = 0
JAC(10, 12) = 0
JAC(10, 13) = - 1/R11OK
JAC(10, 14) = 0
JAC(10, 15) = 0
JAC(10, 16) = 0
JAC(10, 17) = 0
JAC(10, 18) = 0
JAC(11, 1) = 0
JAC(11, 2) = 0
JAC(11, 3) = - 1OK
JAC(11, 4) = 0
JAC(11, 5) = 0
JAC(11, 6) = 0
JAC(11, 7) = 0
JAC(11, 8) = 0
JAC(11, 9) = 0
JAC(11, 10) = 0
JAC(11, 11) = 1OK
JAC(11, 12) = 0
JAC(11, 13) = 0
JAC(11, 14) = 0
JAC(11, 15) = 0
JAC(11, 16) = 0
JAC(11, 17) = 0
JAC(11, 18) = 0
JAC(12, 1) = 0
JAC(12, 2) = 0
JAC(12, 3) = 0
JAC(12, 4) = 0
JAC(12, 5) = 0
JAC(12, 6) = 0
JAC(12, 7) = ((-n) * Is/ar * e^(-n*(x12-x7)) + n * Is * e^(-n*(x9-x7)))OK
JAC(12, 8) = 0
JAC(12, 9) = (-n) * Is * e^(-n*(x9-x7))OK
JAC(12, 10) = 0
JAC(12, 11) = - 1/R14OK
JAC(12, 12) = 1/R12 + 1/R14 + n * Is/ar * e^(-n*(x12-x7))OK
JAC(12, 13) = 0
JAC(12, 14) = - 1/R12OK
JAC(12, 15) = 0
JAC(12, 16) = 0
JAC(12, 17) = 0
JAC(12, 18) = 0
JAC(13, 1) = 0
JAC(13, 2) = 0
JAC(13, 3) = 0
JAC(13, 4) = 0
JAC(13, 5) = 0
JAC(13, 6) = 0
JAC(13, 7) = 0
JAC(13, 8) = 0
JAC(13, 9) = 0
JAC(13, 10) = 0
JAC(13, 11) = 0
JAC(13, 12) = 0
JAC(13, 13) = 1OK
JAC(13, 14) = 0
JAC(13, 15) = 0
JAC(13, 16) = 0
JAC(13, 17) = 0
JAC(13, 18) = 0
JAC(14, 1) = 0
JAC(14, 2) = 0
JAC(14, 3) = 0
JAC(14, 4) = 0
JAC(14, 5) = 0
JAC(14, 6) = 0
JAC(14, 7) = 0
JAC(14, 8) = 0
JAC(14, 9) = 0
JAC(14, 10) = 0
JAC(14, 11) = 0
JAC(14, 12) = 0
JAC(14, 13) = 0
JAC(14, 14) = 1OK
JAC(14, 15) = 0
JAC(14, 16) = 0
JAC(14, 17) = 0
JAC(14, 18) = 0
JAC(15, 1) = 0
JAC(15, 2) = 0
JAC(15, 3) = 0
JAC(15, 4) = - 1/R2OK
JAC(15, 5) = 0
JAC(15, 6) = 0
JAC(15, 7) = 0
JAC(15, 8) = 0
JAC(15, 9) = 0
JAC(15, 10) = - 1/R11OK
JAC(15, 11) = 0
JAC(15, 12) = 0
JAC(15, 13) = 1/R2 + 1/R11OK
JAC(15, 14) = 0
JAC(15, 15) = 1 OK
JAC(15, 16) = 0
JAC(15, 17) = 0
JAC(15, 18) = 0
JAC(16, 1) = 0
JAC(16, 2) = 0
JAC(16, 3) = 0
JAC(16, 4) = 0
JAC(16, 5) = - 1/R3OK
JAC(16, 6) = 0
JAC(16, 7) = 0
JAC(16, 8) = 0
JAC(16, 9) = 0
JAC(16, 10) = 0
JAC(16, 11) = 0
JAC(16, 12) = - 1/R12OK
JAC(16, 13) = 0
JAC(16, 14) = 1/R3 + 1/R12OK
JAC(16, 15) = 0
JAC(16, 16) = 1 OK
JAC(16, 17) = 0
JAC(16, 18) = 0
JAC(17, 1) = 1/R4 - ((-n) * Is/ar * e^(-n*(x4-x1)) + n * Is * e^(-n*(x8-x1))) - ((-n) * Is/af * e^(-n*(x8-x1)) + n * Is * e^(-n*(x4-x1))) - ((-n) * Is/ar * e^(-n*(x5-x1)) + n * Is * e^(-n*(x9-x1))) - ((-n) * Is/af * e^(-n*(x9-x1)) + n * Is * e^(-n*(x5-x1)))OK
JAC(17, 2) = 0
JAC(17, 3) = 0
JAC(17, 4) = - n * Is/ar * e^(-n*(x4-x1)) - (-n) * Is * e^(-n*(x4-x1))OK
JAC(17, 5) = - n * Is/ar * e^(-n*(x5-x1)) - (-n) * Is * e^(-n*(x5-x1))OK
JAC(17, 6) = 0
JAC(17, 7) = 0
JAC(17, 8) = - (-n) * Is * e^(-n*(x8-x1)) - n * Is/af * e^(-n*(x8-x1))OK
JAC(17, 9) = - (-n) * Is * e^(-n*(x9-x1)) - n * Is/af * e^(-n*(x9-x1))OK
JAC(17, 10) = 0
JAC(17, 11) = 0
JAC(17, 12) = 0
JAC(17, 13) = 0
JAC(17, 14) = 0
JAC(17, 15) = 0
JAC(17, 16) = 0
JAC(17, 17) = 1 OK
JAC(17, 18) = 0
JAC(18, 1) = 0
JAC(18, 2) = 0
JAC(18, 3) = 0
JAC(18, 4) = 0
JAC(18, 5) = 0
JAC(18, 6) = 0
JAC(18, 7) = 0
JAC(18, 8) = 0
JAC(18, 9) = 0
JAC(18, 10) = 0
JAC(18, 11) = 1/R14OK
JAC(18, 12) = - 1/R14OK
JAC(18, 13) = 0
JAC(18, 14) = 0
JAC(18, 15) = 0
JAC(18, 16) = 0
JAC(18, 17) = 0
JAC(18, 18) = 1 OK
